<?xml version="1.0" encoding="UTF-8"?>
<!-- Generated by org.testng.reporters.JUnitReportReporter -->
<testsuite skipped="0" hostname="DESKTOP-FIDPPBL" name="tests.BelaviaTest" tests="1" failures="0" timestamp="02 Aug 2018 20:17:20 GMT" time="3.354" errors="0">
  <testcase name="oneWayTicket" time="3.354" classname="tests.BelaviaTest"/>
</testsuite> <!-- tests.BelaviaTest -->
