<?xml version="1.0" encoding="UTF-8"?>
<!-- Generated by org.testng.reporters.JUnitReportReporter -->
<testsuite skipped="0" hostname="DESKTOP-FIDPPBL" name="tests.BelaviaTest" tests="1" failures="0" timestamp="04 Aug 2018 11:04:25 GMT" time="44.547" errors="0">
  <testcase name="oneWayTicket" time="44.547" classname="tests.BelaviaTest"/>
</testsuite> <!-- tests.BelaviaTest -->
