<?xml version="1.0" encoding="UTF-8"?>
<!-- Generated by org.testng.reporters.JUnitReportReporter -->
<testsuite skipped="0" hostname="DESKTOP-FIDPPBL" name="tests.BelaviaTest" tests="1" failures="0" timestamp="04 Aug 2018 08:16:54 GMT" time="7.095" errors="0">
  <testcase name="oneWayTicket" time="7.095" classname="tests.BelaviaTest"/>
</testsuite> <!-- tests.BelaviaTest -->
